{
  "stats": {
    "suites": 1,
    "tests": 1,
    "passes": 1,
    "pending": 0,
    "failures": 0,
    "start": "2024-02-23T17:36:14.724Z",
    "end": "2024-02-23T17:36:22.019Z",
    "duration": 7295,
    "testsRegistered": 1,
    "passPercent": 100,
    "pendingPercent": 0,
    "other": 0,
    "hasOther": false,
    "skipped": 0,
    "hasSkipped": false
  },
  "results": [
    {
      "uuid": "9aff0259-cf22-4b7a-8d7c-efc5707e20f3",
      "title": "",
      "fullFile": "cypress/e2e/scenario4.cy.js",
      "file": "cypress/e2e/scenario4.cy.js",
      "beforeHooks": [],
      "afterHooks": [],
      "tests": [],
      "suites": [
        {
          "uuid": "c9c3e9f2-4dcc-4be5-8ecd-1605aef886c5",
          "title": "Scenario 4 - verify cart functionality",
          "fullFile": "",
          "file": "",
          "beforeHooks": [],
          "afterHooks": [],
          "tests": [
            {
              "title": "Should add multiple products and update cart accordingly",
              "fullTitle": "Scenario 4 - verify cart functionality Should add multiple products and update cart accordingly",
              "timedOut": null,
              "duration": 5744,
              "state": "passed",
              "speed": "medium",
              "pass": true,
              "fail": false,
              "pending": false,
              "context": null,
              "code": "login.Auth(email, password);\ncart.addToCart(productData[0].name);\ncart.VerifyAddToCartSuccess();\ncart.addToCart(productData[1].name);\ncart.AddRamHDDToComputer();\ncart.VerifyAddToCartSuccess();\ncart.goToCart();\ncart.modifyQuantityInCart(productData[0].name, productData[0].quantity);\ncart.modifyQuantityInCart(productData[1].name, productData[1].quantity);\ncart.clickUpdateCartButton();\ncart.verifyQuantityInShoppingCartLabel(\"5\");\ncart.removeProductFromCart(productData[1].name);\ncart.verifyQuantityInShoppingCartLabel(\"4\");",
              "err": {},
              "uuid": "b5f168ab-e5c2-4180-b74a-d05dda487094",
              "parentUUID": "c9c3e9f2-4dcc-4be5-8ecd-1605aef886c5",
              "isHook": false,
              "skipped": false
            }
          ],
          "suites": [],
          "passes": [
            "b5f168ab-e5c2-4180-b74a-d05dda487094"
          ],
          "failures": [],
          "pending": [],
          "skipped": [],
          "duration": 5744,
          "root": false,
          "rootEmpty": false,
          "_timeout": 2000
        }
      ],
      "passes": [],
      "failures": [],
      "pending": [],
      "skipped": [],
      "duration": 0,
      "root": true,
      "rootEmpty": true,
      "_timeout": 2000
    }
  ],
  "meta": {
    "mocha": {
      "version": "7.0.1"
    },
    "mochawesome": {
      "options": {
        "quiet": false,
        "reportFilename": "mochawesome",
        "saveHtml": true,
        "saveJson": true,
        "consoleReporter": "spec",
        "useInlineDiffs": false,
        "code": true
      },
      "version": "7.1.3"
    },
    "marge": {
      "options": {
        "reportsDir": "cypress/results"
      },
      "version": "6.2.0"
    }
  }
}